-------------------------------------------------------------------------------
Test set: TestSuite
-------------------------------------------------------------------------------
Tests run: 3, Failures: 1, Errors: 0, Skipped: 0, Time elapsed: 4.316 sec <<< FAILURE! - in TestSuite
verifyFail(com.qa.test.DemoClass)  Time elapsed: 0.083 sec  <<< FAILURE!
java.lang.AssertionError: expected [true] but found [false]
	at com.qa.test.DemoClass.verifyFail(DemoClass.java:16)

