<?xml version="1.0" encoding="UTF-8"?>
<testsuite xmlns:xsi="http://www.w3.org/2001/XMLSchema-instance" xsi:schemaLocation="https://maven.apache.org/surefire/maven-surefire-plugin/xsd/surefire-test-report.xsd" name="TestSuite" time="4.316" tests="3" errors="0" skipped="0" failures="1">
  <properties>
[...]
</properties>
  <testcase name="verifyFail" classname="com.qa.test.DemoClass" time="0.083">
    <failure message="expected [true] but found [false]" type="java.lang.AssertionError">java.lang.AssertionError: expected [true] but found [false]
	at com.qa.test.DemoClass.verifyFail(DemoClass.java:16)
</failure>
    <system-out><![CDATA[[TestNGContentHandler] [WARN] It is strongly recommended to add "<!DOCTYPE suite SYSTEM "http://testng.org/testng-1.0.dtd" >" at the top of your file, otherwise TestNG may fail or not work as expected.
In Before Test Method
In Test Method
]]></system-out>
  </testcase>
  <testcase name="verifyEqual" classname="com.qa.test.DemoClass1" time="0"/>
  <testcase name="verifyPass" classname="com.qa.test.DemoClass1" time="0.001"/>
</testsuite>