<?xml version="1.0" encoding="UTF-8"?>
<testng-results skipped="0" failed="0" ignored="0" total="1" passed="1">
  <reporter-output>
  </reporter-output>
  <suite name="Default suite" duration-ms="257" started-at="2020-06-19T20:53:23Z" finished-at="2020-06-19T20:53:23Z">
    <groups>
    </groups>
    <test name="Default test" duration-ms="257" started-at="2020-06-19T20:53:23Z" finished-at="2020-06-19T20:53:23Z">
      <class name="com.qa.test.DemoClass">
        <test-method status="PASS" signature="beforetest()[pri:0, instance:com.qa.test.DemoClass@120ba90]" name="beforetest" is-config="true" duration-ms="137" started-at="2020-06-19T21:53:23Z" finished-at="2020-06-19T21:53:23Z">
          <reporter-output>
          </reporter-output>
        </test-method> <!-- beforetest -->
        <test-method status="PASS" signature="test()[pri:0, instance:com.qa.test.DemoClass@120ba90]" name="test" duration-ms="23" started-at="2020-06-19T21:53:23Z" finished-at="2020-06-19T21:53:23Z">
          <reporter-output>
          </reporter-output>
        </test-method> <!-- test -->
        <test-method status="PASS" signature="aftertest()[pri:0, instance:com.qa.test.DemoClass@120ba90]" name="aftertest" is-config="true" duration-ms="1" started-at="2020-06-19T21:53:23Z" finished-at="2020-06-19T21:53:23Z">
          <reporter-output>
          </reporter-output>
        </test-method> <!-- aftertest -->
      </class> <!-- com.qa.test.DemoClass -->
    </test> <!-- Default test -->
  </suite> <!-- Default suite -->
</testng-results>
